INFO - 09/05/23 15:36:51 - 0:00:00 - command line argument: seed - 0
INFO - 09/05/23 15:36:51 - 0:00:00 - command line argument: train - ['data/conll2017/all/task1/-train-high']
INFO - 09/05/23 15:36:51 - 0:00:00 - command line argument: dev - ['data/conll2017/all/task1/-dev']
INFO - 09/05/23 15:36:51 - 0:00:00 - command line argument: test - ['data/conll2017/answers/task1/-uncovered-test']
INFO - 09/05/23 15:36:51 - 0:00:00 - command line argument: model - 'checkpoints/transformer/tagtransformer/sigmorphon17-task1-dropout0.3/-high-'
INFO - 09/05/23 15:36:51 - 0:00:00 - command line argument: load - ''
INFO - 09/05/23 15:36:51 - 0:00:00 - command line argument: bs - 400
INFO - 09/05/23 15:36:51 - 0:00:00 - command line argument: epochs - 20
INFO - 09/05/23 15:36:51 - 0:00:00 - command line argument: max_steps - 20000
INFO - 09/05/23 15:36:51 - 0:00:00 - command line argument: warmup_steps - 4000
INFO - 09/05/23 15:36:51 - 0:00:00 - command line argument: total_eval - 50
INFO - 09/05/23 15:36:51 - 0:00:00 - command line argument: optimizer - <Optimizer.adam: 'adam'>
INFO - 09/05/23 15:36:51 - 0:00:00 - command line argument: scheduler - <Scheduler.warmupinvsqr: 'warmupinvsqr'>
INFO - 09/05/23 15:36:51 - 0:00:00 - command line argument: lr - 0.001
INFO - 09/05/23 15:36:51 - 0:00:00 - command line argument: min_lr - 1e-05
INFO - 09/05/23 15:36:51 - 0:00:00 - command line argument: momentum - 0.9
INFO - 09/05/23 15:36:51 - 0:00:00 - command line argument: beta1 - 0.9
INFO - 09/05/23 15:36:51 - 0:00:00 - command line argument: beta2 - 0.98
INFO - 09/05/23 15:36:51 - 0:00:00 - command line argument: estop - 1e-08
INFO - 09/05/23 15:36:51 - 0:00:00 - command line argument: cooldown - 0
INFO - 09/05/23 15:36:51 - 0:00:00 - command line argument: patience - 0
INFO - 09/05/23 15:36:51 - 0:00:00 - command line argument: discount_factor - 0.5
INFO - 09/05/23 15:36:51 - 0:00:00 - command line argument: max_norm - 1.0
INFO - 09/05/23 15:36:51 - 0:00:00 - command line argument: gpuid - [0]
INFO - 09/05/23 15:36:51 - 0:00:00 - command line argument: loglevel - 'info'
INFO - 09/05/23 15:36:51 - 0:00:00 - command line argument: saveall - False
INFO - 09/05/23 15:36:51 - 0:00:00 - command line argument: shuffle - True
INFO - 09/05/23 15:36:51 - 0:00:00 - command line argument: cleanup_anyway - True
INFO - 09/05/23 15:36:51 - 0:00:00 - command line argument: dataset - <Data.sigmorphon17task1: 'sigmorphon17task1'>
INFO - 09/05/23 15:36:51 - 0:00:00 - command line argument: max_seq_len - 128
INFO - 09/05/23 15:36:51 - 0:00:00 - command line argument: max_decode_len - 128
INFO - 09/05/23 15:36:51 - 0:00:00 - command line argument: decode_beam_size - 5
INFO - 09/05/23 15:36:51 - 0:00:00 - command line argument: init - ''
INFO - 09/05/23 15:36:51 - 0:00:00 - command line argument: dropout - 0.3
INFO - 09/05/23 15:36:51 - 0:00:00 - command line argument: embed_dim - 256
INFO - 09/05/23 15:36:51 - 0:00:00 - command line argument: nb_heads - 4
INFO - 09/05/23 15:36:51 - 0:00:00 - command line argument: src_layer - 4
INFO - 09/05/23 15:36:51 - 0:00:00 - command line argument: trg_layer - 4
INFO - 09/05/23 15:36:51 - 0:00:00 - command line argument: src_hs - 1024
INFO - 09/05/23 15:36:51 - 0:00:00 - command line argument: trg_hs - 1024
INFO - 09/05/23 15:36:51 - 0:00:00 - command line argument: label_smooth - 0.1
INFO - 09/05/23 15:36:51 - 0:00:00 - command line argument: tie_trg_embed - False
INFO - 09/05/23 15:36:51 - 0:00:00 - command line argument: arch - <Arch.tagtransformer: 'tagtransformer'>
INFO - 09/05/23 15:36:51 - 0:00:00 - command line argument: nb_sample - 2
INFO - 09/05/23 15:36:51 - 0:00:00 - command line argument: wid_siz - 11
INFO - 09/05/23 15:36:51 - 0:00:00 - command line argument: indtag - False
INFO - 09/05/23 15:36:51 - 0:00:00 - command line argument: decode - <Decode.greedy: 'greedy'>
INFO - 09/05/23 15:36:51 - 0:00:00 - command line argument: mono - False
INFO - 09/05/23 15:36:51 - 0:00:00 - command line argument: bestacc - True
