23836851
0
0
0
2
+ mkdir -p output/23836851
+ WORK_DIR=output/23836851
+ source /users/PAS2062/delijingyic/project/morph/.pitzermorphenv/bin/activate
++ deactivate nondestructive
++ '[' -n '' ']'
++ '[' -n '' ']'
++ '[' -n /bin/bash -o -n '' ']'
++ hash -r
++ '[' -n '' ']'
++ unset VIRTUAL_ENV
++ '[' '!' nondestructive = nondestructive ']'
++ VIRTUAL_ENV=/users/PAS2062/delijingyic/project/morph/.pitzermorphenv
++ export VIRTUAL_ENV
++ _OLD_VIRTUAL_PATH=/apps/xalt/xalt/bin:/apps/git/2.18.0/share/man:/apps/git/2.18.0/bin:/opt/osc/bin:/users/PAS2062/delijingyic/.vscode-server/bin/6c3e3dba23e8fadc360aed75ce363ba185c49794/bin/remote-cli:/opt/mvapich2/intel/19.0/2.3.3/bin:/apps/gnu/8.4.0/bin:/opt/intel/19.0.5/itac_latest/bin:/opt/intel/19.0.5/advisor/bin64:/opt/intel/19.0.5/vtune_amplifier/bin64:/opt/intel/19.0.5/inspector_2019/bin64:/opt/intel/19.0.5/compilers_and_libraries_2019/linux/bin/intel64:/usr/lib64/qt-3.3/bin:/usr/local/bin:/usr/bin:/usr/local/sbin:/usr/sbin:/opt/puppetlabs/bin
++ PATH=/users/PAS2062/delijingyic/project/morph/.pitzermorphenv/bin:/apps/xalt/xalt/bin:/apps/git/2.18.0/share/man:/apps/git/2.18.0/bin:/opt/osc/bin:/users/PAS2062/delijingyic/.vscode-server/bin/6c3e3dba23e8fadc360aed75ce363ba185c49794/bin/remote-cli:/opt/mvapich2/intel/19.0/2.3.3/bin:/apps/gnu/8.4.0/bin:/opt/intel/19.0.5/itac_latest/bin:/opt/intel/19.0.5/advisor/bin64:/opt/intel/19.0.5/vtune_amplifier/bin64:/opt/intel/19.0.5/inspector_2019/bin64:/opt/intel/19.0.5/compilers_and_libraries_2019/linux/bin/intel64:/usr/lib64/qt-3.3/bin:/usr/local/bin:/usr/bin:/usr/local/sbin:/usr/sbin:/opt/puppetlabs/bin
++ export PATH
++ '[' -n '' ']'
++ '[' -z '' ']'
++ _OLD_VIRTUAL_PS1=
++ PS1='(.pitzermorphenv) '
++ export PS1
++ '[' -n /bin/bash -o -n '' ']'
++ hash -r
++ pwd
+ cwd=/users/PAS2062/delijingyic/project/morph/neural-transducer/example/transformer
+ lang=
+ arch=tagtransformer
+ res=high
+ lr=0.001
+ scheduler=warmupinvsqr
+ max_steps=20000
+ warmup=4000
+ beta2=0.98
+ label_smooth=0.1
+ total_eval=50
+ bs=400
+ layers=4
+ hs=1024
+ embed_dim=256
+ nb_heads=4
+ dropout=0.3
+ data_dir=data
+ ckpt_dir=checkpoints/transformer
+ python3 /users/PAS2062/delijingyic/project/morph/neural-transducer/example/transformer/src/train.py --dataset sigmorphon17task1 --train data/conll2017/all/task1/-train-high --dev data/conll2017/all/task1/-dev --test data/conll2017/answers/task1/-uncovered-test --model checkpoints/transformer/tagtransformer/sigmorphon17-task1-dropout0.3/-high- --embed_dim 256 --src_hs 1024 --trg_hs 1024 --dropout 0.3 --nb_heads 4 --label_smooth 0.1 --total_eval 50 --src_layer 4 --trg_layer 4 --max_norm 1 --lr 0.001 --shuffle --arch tagtransformer --gpuid 0 --estop 1e-8 --bs 400 --max_steps 20000 --scheduler warmupinvsqr --warmup_steps 4000 --cleanup_anyway --beta2 0.98 --bestacc
INFO - 09/05/23 15:36:51 - 0:00:00 - command line argument: seed - 0
INFO - 09/05/23 15:36:51 - 0:00:00 - command line argument: train - ['data/conll2017/all/task1/-train-high']
INFO - 09/05/23 15:36:51 - 0:00:00 - command line argument: dev - ['data/conll2017/all/task1/-dev']
INFO - 09/05/23 15:36:51 - 0:00:00 - command line argument: test - ['data/conll2017/answers/task1/-uncovered-test']
INFO - 09/05/23 15:36:51 - 0:00:00 - command line argument: model - 'checkpoints/transformer/tagtransformer/sigmorphon17-task1-dropout0.3/-high-'
INFO - 09/05/23 15:36:51 - 0:00:00 - command line argument: load - ''
INFO - 09/05/23 15:36:51 - 0:00:00 - command line argument: bs - 400
INFO - 09/05/23 15:36:51 - 0:00:00 - command line argument: epochs - 20
INFO - 09/05/23 15:36:51 - 0:00:00 - command line argument: max_steps - 20000
INFO - 09/05/23 15:36:51 - 0:00:00 - command line argument: warmup_steps - 4000
INFO - 09/05/23 15:36:51 - 0:00:00 - command line argument: total_eval - 50
INFO - 09/05/23 15:36:51 - 0:00:00 - command line argument: optimizer - <Optimizer.adam: 'adam'>
INFO - 09/05/23 15:36:51 - 0:00:00 - command line argument: scheduler - <Scheduler.warmupinvsqr: 'warmupinvsqr'>
INFO - 09/05/23 15:36:51 - 0:00:00 - command line argument: lr - 0.001
INFO - 09/05/23 15:36:51 - 0:00:00 - command line argument: min_lr - 1e-05
INFO - 09/05/23 15:36:51 - 0:00:00 - command line argument: momentum - 0.9
INFO - 09/05/23 15:36:51 - 0:00:00 - command line argument: beta1 - 0.9
INFO - 09/05/23 15:36:51 - 0:00:00 - command line argument: beta2 - 0.98
INFO - 09/05/23 15:36:51 - 0:00:00 - command line argument: estop - 1e-08
INFO - 09/05/23 15:36:51 - 0:00:00 - command line argument: cooldown - 0
INFO - 09/05/23 15:36:51 - 0:00:00 - command line argument: patience - 0
INFO - 09/05/23 15:36:51 - 0:00:00 - command line argument: discount_factor - 0.5
INFO - 09/05/23 15:36:51 - 0:00:00 - command line argument: max_norm - 1.0
INFO - 09/05/23 15:36:51 - 0:00:00 - command line argument: gpuid - [0]
INFO - 09/05/23 15:36:51 - 0:00:00 - command line argument: loglevel - 'info'
INFO - 09/05/23 15:36:51 - 0:00:00 - command line argument: saveall - False
INFO - 09/05/23 15:36:51 - 0:00:00 - command line argument: shuffle - True
INFO - 09/05/23 15:36:51 - 0:00:00 - command line argument: cleanup_anyway - True
INFO - 09/05/23 15:36:51 - 0:00:00 - command line argument: dataset - <Data.sigmorphon17task1: 'sigmorphon17task1'>
INFO - 09/05/23 15:36:51 - 0:00:00 - command line argument: max_seq_len - 128
INFO - 09/05/23 15:36:51 - 0:00:00 - command line argument: max_decode_len - 128
INFO - 09/05/23 15:36:51 - 0:00:00 - command line argument: decode_beam_size - 5
INFO - 09/05/23 15:36:51 - 0:00:00 - command line argument: init - ''
INFO - 09/05/23 15:36:51 - 0:00:00 - command line argument: dropout - 0.3
INFO - 09/05/23 15:36:51 - 0:00:00 - command line argument: embed_dim - 256
INFO - 09/05/23 15:36:51 - 0:00:00 - command line argument: nb_heads - 4
INFO - 09/05/23 15:36:51 - 0:00:00 - command line argument: src_layer - 4
INFO - 09/05/23 15:36:51 - 0:00:00 - command line argument: trg_layer - 4
INFO - 09/05/23 15:36:51 - 0:00:00 - command line argument: src_hs - 1024
INFO - 09/05/23 15:36:51 - 0:00:00 - command line argument: trg_hs - 1024
INFO - 09/05/23 15:36:51 - 0:00:00 - command line argument: label_smooth - 0.1
INFO - 09/05/23 15:36:51 - 0:00:00 - command line argument: tie_trg_embed - False
INFO - 09/05/23 15:36:51 - 0:00:00 - command line argument: arch - <Arch.tagtransformer: 'tagtransformer'>
INFO - 09/05/23 15:36:51 - 0:00:00 - command line argument: nb_sample - 2
INFO - 09/05/23 15:36:51 - 0:00:00 - command line argument: wid_siz - 11
INFO - 09/05/23 15:36:51 - 0:00:00 - command line argument: indtag - False
INFO - 09/05/23 15:36:51 - 0:00:00 - command line argument: decode - <Decode.greedy: 'greedy'>
INFO - 09/05/23 15:36:51 - 0:00:00 - command line argument: mono - False
INFO - 09/05/23 15:36:51 - 0:00:00 - command line argument: bestacc - True
Traceback (most recent call last):
  File "/users/PAS2062/delijingyic/project/morph/neural-transducer/example/transformer/src/train.py", line 367, in <module>
    main()
  File "/users/PAS2062/delijingyic/project/morph/neural-transducer/example/transformer/src/train.py", line 343, in main
    trainer.load_data(params.dataset, params.train, params.dev, params.test)
  File "/users/PAS2062/delijingyic/project/morph/neural-transducer/example/transformer/src/train.py", line 107, in load_data
    self.data = dataloader.SIGMORPHON2017Task1(train, dev, test, params.shuffle)
  File "/users/PAS2062/delijingyic/project/morph/neural-transducer/example/transformer/src/dataloader.py", line 46, in __init__
    self.source, self.target = self.build_vocab()
  File "/users/PAS2062/delijingyic/project/morph/neural-transducer/example/transformer/src/dataloader.py", line 267, in build_vocab
    for lemma, word, tags in self.read_file(self.train_file):
  File "/users/PAS2062/delijingyic/project/morph/neural-transducer/example/transformer/src/dataloader.py", line 283, in read_file
    with open(file, "r", encoding="utf-8") as fp:
FileNotFoundError: [Errno 2] No such file or directory: 'data/conll2017/all/task1/-train-high'
